<?xml version="1.0" encoding="UTF-8"?>
<!-- Generated by org.testng.reporters.JUnitReportReporter -->
<testsuite hostname="SUNNY-PC" name="TestWG.verifyForotPassword" tests="1" failures="0" timestamp="18 Sep 2016 12:07:39 GMT" time="1.795" errors="0">
  <testcase name="LoginForgotPassword" time="1.795" classname="TestWG.verifyForotPassword"/>
</testsuite> <!-- TestWG.verifyForotPassword -->
