<?xml version="1.0" encoding="UTF-8"?>
<!-- Generated by org.testng.reporters.JUnitReportReporter -->
<testsuite hostname="SUNNY-PC" name="Core.TextExcel" tests="1" failures="0" timestamp="5 Sep 2016 16:46:54 GMT" time="27.902" errors="0">
  <testcase name="ExcelHandler" time="27.902" classname="Core.TextExcel"/>
</testsuite> <!-- Core.TextExcel -->
