<?xml version="1.0" encoding="UTF-8"?>
<!-- Generated by org.testng.reporters.JUnitReportReporter -->
<testsuite hostname="SUNNY-PC" name="TestWG.verifyLoginFunctionality" tests="1" failures="0" timestamp="5 Sep 2016 17:30:11 GMT" time="14.043" errors="0">
  <testcase name="LoginIntoThePage" time="14.043" classname="TestWG.verifyLoginFunctionality"/>
</testsuite> <!-- TestWG.verifyLoginFunctionality -->
