<?xml version="1.0" encoding="UTF-8"?>
<!-- Generated by org.testng.reporters.JUnitReportReporter -->
<testsuite hostname="SUNNY-PC" name="TestWG.verifyFaceBookLoginpage" tests="1" failures="0" timestamp="5 Sep 2016 17:30:11 GMT" time="1.309" errors="0">
  <testcase name="verifyFacebookLoginPageDisplay" time="1.309" classname="TestWG.verifyFaceBookLoginpage"/>
</testsuite> <!-- TestWG.verifyFaceBookLoginpage -->
