<?xml version="1.0" encoding="UTF-8"?>
<!-- Generated by org.testng.reporters.JUnitReportReporter -->
<testsuite hostname="SUNNY-PC" name="TestWG.verifyLoginFunctionality" tests="1" failures="0" timestamp="18 Sep 2016 12:07:39 GMT" time="13.634" errors="0">
  <testcase name="LoginIntoThePage" time="13.634" classname="TestWG.verifyLoginFunctionality"/>
</testsuite> <!-- TestWG.verifyLoginFunctionality -->
