<?xml version="1.0" encoding="UTF-8"?>
<!-- Generated by org.testng.reporters.JUnitReportReporter -->
<testsuite hostname="SUNNY-PC" name="TestWG.verifyFaceBookLoginpage" tests="1" failures="0" timestamp="18 Sep 2016 12:07:39 GMT" time="4.471" errors="0">
  <testcase name="verifyFacebookLoginPageDisplay" time="4.471" classname="TestWG.verifyFaceBookLoginpage"/>
</testsuite> <!-- TestWG.verifyFaceBookLoginpage -->
